<?xml version="1.0" encoding="UTF-8"?>
<!-- Generated by org.testng.reporters.JUnitReportReporter -->
<testsuite hostname="Aniket" failures="0" tests="4" name="testcases.PersonalLoanEMITest" time="65.410" errors="0" timestamp="15 Aug 2021 20:20:04 GMT" skipped="0">
  <testcase classname="testcases.PersonalLoanEMITest" name="testPersonalLoanEMI" time="17.491"/>
  <testcase classname="testcases.PersonalLoanEMITest" name="testPersonalLoanEMI" time="16.793"/>
  <testcase classname="testcases.PersonalLoanEMITest" name="testPersonalLoanEMI" time="16.071"/>
  <testcase classname="testcases.PersonalLoanEMITest" name="testPersonalLoanEMI" time="15.055"/>
</testsuite> <!-- testcases.PersonalLoanEMITest -->
