<?xml version="1.0" encoding="UTF-8"?>
<!-- Generated by org.testng.reporters.JUnitReportReporter -->
<testsuite hostname="Aniket" failures="0" tests="4" name="testcases.HomeLoanEMITest" time="0.008" errors="1" timestamp="17 Aug 2021 07:28:28 GMT" skipped="3">
  <testcase classname="testcases.HomeLoanEMITest" name="testHomeLoanEMI" time="0.000">
    <skipped/>
  </testcase> <!-- testHomeLoanEMI -->
  <testcase classname="testcases.HomeLoanEMITest" name="initialize" time="0.008">
    <error type="java.lang.NullPointerException">
      <![CDATA[java.lang.NullPointerException
at common.TestBase.initializeDriver(TestBase.java:40)
at testcases.HomeLoanEMITest.initialize(HomeLoanEMITest.java:25)
at java.base/jdk.internal.reflect.NativeMethodAccessorImpl.invoke0(Native Method)
at java.base/jdk.internal.reflect.NativeMethodAccessorImpl.invoke(NativeMethodAccessorImpl.java:62)
at java.base/jdk.internal.reflect.DelegatingMethodAccessorImpl.invoke(DelegatingMethodAccessorImpl.java:43)
at java.base/java.lang.reflect.Method.invoke(Method.java:566)
at org.testng.internal.MethodInvocationHelper.invokeMethod(MethodInvocationHelper.java:124)
at org.testng.internal.MethodInvocationHelper.invokeMethodConsideringTimeout(MethodInvocationHelper.java:59)
at org.testng.internal.Invoker.invokeConfigurationMethod(Invoker.java:458)
at org.testng.internal.Invoker.invokeConfigurations(Invoker.java:222)
at org.testng.internal.Invoker.invokeMethod(Invoker.java:523)
at org.testng.internal.Invoker.invokeTestMethod(Invoker.java:719)
at org.testng.internal.Invoker.invokeTestMethods(Invoker.java:989)
at org.testng.internal.TestMethodWorker.invokeTestMethods(TestMethodWorker.java:125)
at org.testng.internal.TestMethodWorker.run(TestMethodWorker.java:109)
at java.base/java.util.concurrent.ThreadPoolExecutor.runWorker(ThreadPoolExecutor.java:1128)
at java.base/java.util.concurrent.ThreadPoolExecutor$Worker.run(ThreadPoolExecutor.java:628)
at java.base/java.lang.Thread.run(Thread.java:834)
]]>
    </error>
  </testcase> <!-- initialize -->
  <testcase classname="testcases.HomeLoanEMITest" name="testHomeLoanEMI" time="0.000">
    <skipped/>
  </testcase> <!-- testHomeLoanEMI -->
  <testcase classname="testcases.HomeLoanEMITest" name="testHomeLoanEMI" time="0.000">
    <skipped/>
  </testcase> <!-- testHomeLoanEMI -->
</testsuite> <!-- testcases.HomeLoanEMITest -->
