<?xml version="1.0" encoding="UTF-8"?>
<!-- Generated by org.testng.reporters.JUnitReportReporter -->
<testsuite hostname="Aniket" failures="0" tests="4" name="testcases.CarLoanEMITest" time="27.884" errors="0" timestamp="15 Aug 2021 10:42:46 GMT" skipped="0">
  <testcase classname="testcases.CarLoanEMITest" name="testCarLoanEMI" time="8.847"/>
  <testcase classname="testcases.CarLoanEMITest" name="testCarLoanInterest" time="6.259"/>
  <testcase classname="testcases.CarLoanEMITest" name="testCarLoanInterest" time="6.050"/>
  <testcase classname="testcases.CarLoanEMITest" name="testCarLoanEMI" time="6.728"/>
</testsuite> <!-- testcases.CarLoanEMITest -->
