<?xml version="1.0" encoding="UTF-8"?>
<!-- Generated by org.testng.reporters.JUnitReportReporter -->
<testsuite hostname="Aniket" failures="0" tests="2" name="testcases.CarLoanEMI" time="30.025" errors="0" timestamp="15 Aug 2021 20:20:04 GMT" skipped="0">
  <testcase classname="testcases.CarLoanEMI" name="testCarLoanEMI" time="15.177"/>
  <testcase classname="testcases.CarLoanEMI" name="testCarLoanEMI" time="14.848"/>
</testsuite> <!-- testcases.CarLoanEMI -->
